::1 - - [28/Jan/2025:11:27:20 +0000] "POST /api/v1/users/login HTTP/1.1" 400 60 "-" "PostmanRuntime/7.42.0"
::1 - - [28/Jan/2025:11:28:12 +0000] "POST /api/v1/users/login HTTP/1.1" 200 849 "-" "PostmanRuntime/7.42.0"
::1 - - [28/Jan/2025:11:29:11 +0000] "GET /api/v1/users/allUsers HTTP/1.1" 401 47 "-" "PostmanRuntime/7.42.0"
::1 - - [28/Jan/2025:11:29:17 +0000] "GET /api/v1/users/allUsers HTTP/1.1" 401 47 "-" "PostmanRuntime/7.42.0"
::1 - - [28/Jan/2025:11:29:28 +0000] "POST /api/v1/users/login HTTP/1.1" 200 849 "-" "PostmanRuntime/7.42.0"
::1 - - [28/Jan/2025:11:29:46 +0000] "POST /api/v1/books HTTP/1.1" 200 166 "-" "PostmanRuntime/7.42.0"
::1 - - [28/Jan/2025:11:29:55 +0000] "GET /api/v1/users/allUsers HTTP/1.1" 403 39 "-" "PostmanRuntime/7.42.0"
::1 - - [28/Jan/2025:11:30:07 +0000] "GET /api/v1/users/allUsers HTTP/1.1" 200 640 "-" "PostmanRuntime/7.42.0"
::1 - - [28/Jan/2025:11:42:39 +0000] "GET /api/v1/users/allUsers HTTP/1.1" 200 640 "-" "PostmanRuntime/7.42.0"
::1 - - [28/Jan/2025:11:42:49 +0000] "GET /api/v1/users/wishlist/0ddc7770-bb8f-4308-aad5-4e483770fd07 HTTP/1.1" 200 1860 "-" "PostmanRuntime/7.42.0"
::1 - - [28/Jan/2025:11:44:23 +0000] "GET /api/v1/users/wishlist/0ddc7770-bb8f-4308-aad5-4e483770fd07 HTTP/1.1" 400 31 "-" "PostmanRuntime/7.42.0"
::1 - - [28/Jan/2025:11:44:44 +0000] "GET /api/v1/users/wishlist/0ddc7770-bb8f-4308-aad5-4e483770fd07 HTTP/1.1" 200 312 "-" "PostmanRuntime/7.42.0"
::1 - - [28/Jan/2025:11:44:58 +0000] "GET /api/v1/users/wishlist/0ddc7770-bb8f-4308-aad5-4e483770fd07 HTTP/1.1" 200 413 "-" "PostmanRuntime/7.42.0"
::1 - - [28/Jan/2025:11:45:08 +0000] "GET /api/v1/users/wishlist/0ddc7770-bb8f-4308-aad5-4e483770fd07 HTTP/1.1" 200 674 "-" "PostmanRuntime/7.42.0"
::1 - - [28/Jan/2025:11:55:08 +0000] "POST /api/v1/users/allUsers HTTP/1.1" 404 161 "-" "PostmanRuntime/7.42.0"
::1 - - [28/Jan/2025:11:55:33 +0000] "POST /api/v1/users/wishlist HTTP/1.1" 400 49 "-" "PostmanRuntime/7.42.0"
::1 - - [28/Jan/2025:11:56:03 +0000] "DELETE /api/v1/users/allUsers HTTP/1.1" 404 163 "-" "PostmanRuntime/7.42.0"
::1 - - [28/Jan/2025:11:56:16 +0000] "DELETE /api/v1/users/wishlist HTTP/1.1" 200 166 "-" "PostmanRuntime/7.42.0"
::1 - - [28/Jan/2025:11:56:27 +0000] "POST /api/v1/users/wishlist HTTP/1.1" 200 166 "-" "PostmanRuntime/7.42.0"
::1 - - [28/Jan/2025:12:13:13 +0000] "POST /api/v1/users/signup HTTP/1.1" 200 713 "-" "PostmanRuntime/7.42.0"
::1 - - [28/Jan/2025:12:14:21 +0000] "POST /api/v1/books/review HTTP/1.1" 200 166 "-" "PostmanRuntime/7.42.0"
